Determining if the pthread_create exist failed with the following output:
Change Dir: /home/bjornborg/git/openkorp/openkorp-logic-dronestate/build/CMakeFiles/CMakeTmp

Run Build Command:"/usr/bin/make" "cmTC_14a3e/fast"
/usr/bin/make -f CMakeFiles/cmTC_14a3e.dir/build.make CMakeFiles/cmTC_14a3e.dir/build
make[1]: Entering directory '/home/bjornborg/git/openkorp/openkorp-logic-dronestate/build/CMakeFiles/CMakeTmp'
Building C object CMakeFiles/cmTC_14a3e.dir/CheckSymbolExists.c.o
/usr/bin/cc    -o CMakeFiles/cmTC_14a3e.dir/CheckSymbolExists.c.o   -c /home/bjornborg/git/openkorp/openkorp-logic-dronestate/build/CMakeFiles/CMakeTmp/CheckSymbolExists.c
Linking C executable cmTC_14a3e
/usr/bin/cmake -E cmake_link_script CMakeFiles/cmTC_14a3e.dir/link.txt --verbose=1
/usr/bin/cc    -static-libgcc -static-libstdc++  -rdynamic CMakeFiles/cmTC_14a3e.dir/CheckSymbolExists.c.o  -o cmTC_14a3e 
CMakeFiles/cmTC_14a3e.dir/CheckSymbolExists.c.o: In function `main':
CheckSymbolExists.c:(.text+0x1b): undefined reference to `pthread_create'
collect2: error: ld returned 1 exit status
CMakeFiles/cmTC_14a3e.dir/build.make:97: recipe for target 'cmTC_14a3e' failed
make[1]: *** [cmTC_14a3e] Error 1
make[1]: Leaving directory '/home/bjornborg/git/openkorp/openkorp-logic-dronestate/build/CMakeFiles/CMakeTmp'
Makefile:126: recipe for target 'cmTC_14a3e/fast' failed
make: *** [cmTC_14a3e/fast] Error 2

File /home/bjornborg/git/openkorp/openkorp-logic-dronestate/build/CMakeFiles/CMakeTmp/CheckSymbolExists.c:
/* */
#include <pthread.h>

int main(int argc, char** argv)
{
  (void)argv;
#ifndef pthread_create
  return ((int*)(&pthread_create))[argc];
#else
  (void)argc;
  return 0;
#endif
}

